{"target": 0.9798205494880676, "params": {"alphabet_size": 128.0, "dropout": 0.329345714981162, "label_smoothing": 0.11786110738065686, "layer_size": 536.6588822522237, "learning_rate": -3.7441639279304355, "learning_rate_final": -4.171888024360864, "window": 7.930400552047107}, "datetime": {"datetime": "2019-03-23 17:25:57", "elapsed": 0.0, "delta": 0.0}}
{"target": 0.9798205494880676, "params": {"alphabet_size": 128.0, "dropout": 0.329345714981162, "label_smoothing": 0.11786110738065686, "layer_size": 536.6588822522237, "learning_rate": -3.7441639279304355, "learning_rate_final": -4.171888024360864, "window": 7.930400552047107}, "datetime": {"datetime": "2019-03-23 17:25:57", "elapsed": 0.00099, "delta": 0.00099}}
{"target": 0.9798205494880676, "params": {"alphabet_size": 128.0, "dropout": 0.329345714981162, "label_smoothing": 0.11786110738065686, "layer_size": 536.6588822522237, "learning_rate": -3.7441639279304355, "learning_rate_final": -4.171888024360864, "window": 7.930400552047107}, "datetime": {"datetime": "2019-03-23 17:25:57", "elapsed": 0.001988, "delta": 0.000998}}
{"target": 0.9798205494880676, "params": {"alphabet_size": 128.0, "dropout": 0.329345714981162, "label_smoothing": 0.11786110738065686, "layer_size": 536.6588822522237, "learning_rate": -3.7441639279304355, "learning_rate_final": -4.171888024360864, "window": 7.930400552047107}, "datetime": {"datetime": "2019-03-23 17:25:57", "elapsed": 0.002487, "delta": 0.000499}}
{"target": 0.9798205494880676, "params": {"alphabet_size": 128.0, "dropout": 0.329345714981162, "label_smoothing": 0.11786110738065686, "layer_size": 536.6588822522237, "learning_rate": -3.7441639279304355, "learning_rate_final": -4.171888024360864, "window": 7.930400552047107}, "datetime": {"datetime": "2019-03-23 17:25:57", "elapsed": 0.003485, "delta": 0.000998}}
{"target": 0.9798205494880676, "params": {"alphabet_size": 128.0, "dropout": 0.329345714981162, "label_smoothing": 0.11786110738065686, "layer_size": 536.6588822522237, "learning_rate": -3.7441639279304355, "learning_rate_final": -4.171888024360864, "window": 7.930400552047107}, "datetime": {"datetime": "2019-03-23 17:25:57", "elapsed": 0.003983, "delta": 0.000498}}
{"target": 0.9798205494880676, "params": {"alphabet_size": 128.0, "dropout": 0.3067818404013055, "label_smoothing": 0.11250467103220395, "layer_size": 711.8720586265149, "learning_rate": -3.8339733764215023, "learning_rate_final": -4.540742783216767, "window": 8.411784958791785}, "datetime": {"datetime": "2019-03-23 17:54:25", "elapsed": 1708.413629, "delta": 1708.409646}}
{"target": 0.9798501133918762, "params": {"alphabet_size": 128.0, "dropout": 0.31684754341588167, "label_smoothing": 0.14794120637308683, "layer_size": 711.9928387135835, "learning_rate": -3.900004495195798, "learning_rate_final": -4.2802272669114965, "window": 8.357359706689177}, "datetime": {"datetime": "2019-03-23 18:17:56", "elapsed": 3118.624216, "delta": 1410.210587}}
{"target": 0.98040771484375, "params": {"alphabet_size": 128.0, "dropout": 0.42269590439600385, "label_smoothing": 0.16150310160030446, "layer_size": 711.9872309770076, "learning_rate": -3.274503934822779, "learning_rate_final": -3.13091667258562, "window": 5.574436408315523}, "datetime": {"datetime": "2019-03-23 18:38:45", "elapsed": 4368.42454, "delta": 1249.800324}}
{"target": 0.9799810647964478, "params": {"alphabet_size": 128.0, "dropout": 0.3995844863194017, "label_smoothing": 0.15944515116511213, "layer_size": 711.8857125114558, "learning_rate": -3.7958858463517324, "learning_rate_final": -3.2587409696301837, "window": 8.447114421484933}, "datetime": {"datetime": "2019-03-23 19:02:21", "elapsed": 5784.49729, "delta": 1416.07275}}
{"target": 0.9799684286117554, "params": {"alphabet_size": 128.0, "dropout": 0.32681925627347674, "label_smoothing": 0.013092598335474893, "layer_size": 711.9401392746812, "learning_rate": -3.858860202655067, "learning_rate_final": -4.507085002567999, "window": 6.168722110369438}, "datetime": {"datetime": "2019-03-23 19:23:33", "elapsed": 7055.888685, "delta": 1271.391395}}
{"target": 0.9802979230880737, "params": {"alphabet_size": 128.0, "dropout": 0.4418729342932468, "label_smoothing": 0.130361332789213, "layer_size": 711.979564655571, "learning_rate": -3.3424008344423135, "learning_rate_final": -4.419039801228771, "window": 8.139105376374353}, "datetime": {"datetime": "2019-03-23 19:47:08", "elapsed": 8470.764651, "delta": 1414.875966}}
{"target": 0.9802260994911194, "params": {"alphabet_size": 128.0, "dropout": 0.3849815718233297, "label_smoothing": 0.1124715136438923, "layer_size": 711.9596396285476, "learning_rate": -3.838448034886777, "learning_rate_final": -3.7055257186357373, "window": 6.904257537055625}, "datetime": {"datetime": "2019-03-23 20:09:29", "elapsed": 9812.04468, "delta": 1341.280029}}
{"target": 0.9799684286117554, "params": {"alphabet_size": 128.0, "dropout": 0.42762728767440017, "label_smoothing": 0.0774740891551745, "layer_size": 711.8713928644323, "learning_rate": -3.5496010899580916, "learning_rate_final": -4.5853352460626144, "window": 8.506668427772176}, "datetime": {"datetime": "2019-03-23 20:34:13", "elapsed": 11295.748056, "delta": 1483.703376}}
{"target": 0.9805006384849548, "params": {"alphabet_size": 128.0, "dropout": 0.3125835201045812, "label_smoothing": 0.15624654819535305, "layer_size": 711.9850920641538, "learning_rate": -3.7639903298589883, "learning_rate_final": -3.6049372387998195, "window": 5.556642364556705}, "datetime": {"datetime": "2019-03-23 20:55:26", "elapsed": 12569.107306, "delta": 1273.35925}}
{"target": 0.9800782203674316, "params": {"alphabet_size": 128.0, "dropout": 0.46286971007464606, "label_smoothing": 0.1377951017408164, "layer_size": 711.9551440027683, "learning_rate": -3.8379068395259655, "learning_rate_final": -3.622391059701951, "window": 5.558216513829708}, "datetime": {"datetime": "2019-03-23 21:16:41", "elapsed": 13843.732702, "delta": 1274.625396}}
{"target": 0.9799937605857849, "params": {"alphabet_size": 128.0, "dropout": 0.4709521460242176, "label_smoothing": 0.11695224762345219, "layer_size": 711.966938711573, "learning_rate": -3.8410280578886686, "learning_rate_final": -3.7959848526628486, "window": 8.725054516507392}, "datetime": {"datetime": "2019-03-23 21:41:33", "elapsed": 15335.756539, "delta": 1492.023837}}
{"target": 0.9799557328224182, "params": {"alphabet_size": 128.0, "dropout": 0.3049360414187356, "label_smoothing": 0.10382592783637595, "layer_size": 711.7592530025066, "learning_rate": -3.834354919517022, "learning_rate_final": -4.342504269983867, "window": 5.55463751264775}, "datetime": {"datetime": "2019-03-23 22:02:50", "elapsed": 16612.932009, "delta": 1277.17547}}
{"target": 0.9801120162010193, "params": {"alphabet_size": 128.0, "dropout": 0.32632851243137967, "label_smoothing": 0.0811669648710703, "layer_size": 711.8286302632364, "learning_rate": -3.9461886998717346, "learning_rate_final": -3.4106893788760564, "window": 5.861238635671259}, "datetime": {"datetime": "2019-03-23 22:24:10", "elapsed": 17893.407609, "delta": 1280.4756}}
{"target": 0.9798881411552429, "params": {"alphabet_size": 128.0, "dropout": 0.3729022134693106, "label_smoothing": 0.1984778068972124, "layer_size": 711.8955034149774, "learning_rate": -3.8066419337199333, "learning_rate_final": -3.0047316651947775, "window": 8.737985780267106}, "datetime": {"datetime": "2019-03-23 22:48:53", "elapsed": 19376.044866, "delta": 1482.637257}}
{"target": 0.9789334535598755, "params": {"alphabet_size": 128.0, "dropout": 0.3863886677709907, "label_smoothing": 0.15033715321467264, "layer_size": 711.877249833367, "learning_rate": -2.2315785051052206, "learning_rate_final": -4.789695220964757, "window": 8.736008876187313}, "datetime": {"datetime": "2019-03-23 23:13:45", "elapsed": 20868.550102, "delta": 1492.505236}}
{"target": 0.9758496880531311, "params": {"alphabet_size": 128.0, "dropout": 0.45644314085659105, "label_smoothing": 0.11754034977072761, "layer_size": 711.8657880263769, "learning_rate": -1.761789821389184, "learning_rate_final": -4.2268854985989055, "window": 5.8882075870289965}, "datetime": {"datetime": "2019-03-23 23:34:43", "elapsed": 22125.828471, "delta": 1257.278369}}
