{"target": 0.9749541878700256, "params": {"alphabet_size": 90.68940830096474, "dropout": 0.4440648986884316, "embedding_size": 16.005489991232555, "label_smoothing": 0.060466514526367955, "layer_size": 587.1390160983619, "learning_rate": -3.7691535130780056, "learning_rate_final": -4.627479577244658, "window": 5.709462544650667}, "datetime": {"datetime": "2019-03-20 15:57:04", "elapsed": 0.0, "delta": 0.0}}
{"target": 0.9739952683448792, "params": {"alphabet_size": 89.39311835076288, "dropout": 0.4077633468006714, "embedding_size": 36.12133669135815, "label_smoothing": 0.1370439000793519, "layer_size": 616.679551862537, "learning_rate": -1.8047064090226366, "learning_rate_final": -4.945224813604147, "window": 6.846636285624408}, "datetime": {"datetime": "2019-03-20 16:16:06", "elapsed": 1142.200922, "delta": 1142.200922}}
{"target": 0.9734292030334473, "params": {"alphabet_size": 90.70750735149613, "dropout": 0.41173796568915033, "embedding_size": 22.73857305257122, "label_smoothing": 0.039620297816975764, "layer_size": 921.9812191618748, "learning_rate": -1.5793460607015062, "learning_rate_final": -4.373151643681514, "window": 6.9231291548425995}, "datetime": {"datetime": "2019-03-20 16:37:07", "elapsed": 2403.499999, "delta": 1261.299077}}
{"target": 0.9753470420837402, "params": {"alphabet_size": 120.08890574694645, "dropout": 0.4789213327007695, "embedding_size": 20.082122145749338, "label_smoothing": 0.007810956646576473, "layer_size": 598.9531748170593, "learning_rate": -1.8046437414264673, "learning_rate_final": -4.8033063323339, "window": 5.9738766875176825}, "datetime": {"datetime": "2019-03-20 16:55:55", "elapsed": 3531.278214, "delta": 1127.778215}}
{"target": 0.9760398268699646, "params": {"alphabet_size": 125.30492992963212, "dropout": 0.4066330569946034, "embedding_size": 49.21010146962272, "label_smoothing": 0.0631031262012126, "layer_size": 863.4884749729708, "learning_rate": -1.9134358202565678, "learning_rate_final": -4.963423445311617, "window": 7.125505102307386}, "datetime": {"datetime": "2019-03-20 17:53:31", "elapsed": 6986.742199, "delta": 3455.463985}}
{"target": 0.9796093106269836, "params": {"alphabet_size": 127.28710969001565, "dropout": 0.4496331308759679, "embedding_size": 29.461311619091447, "label_smoothing": 0.15785586569029772, "layer_size": 564.8517153677527, "learning_rate": -2.880266184560237, "learning_rate_final": -3.1828089938138087, "window": 5.527649519307879}, "datetime": {"datetime": "2019-03-20 18:13:05", "elapsed": 8161.364155, "delta": 1174.621956}}
{"target": 0.9781815409660339, "params": {"alphabet_size": 82.41762166952631, "dropout": 0.3260057144236555, "embedding_size": 16.92961397777426, "label_smoothing": 0.1357671065879782, "layer_size": 620.3535953920302, "learning_rate": -3.3361333515694342, "learning_rate_final": -4.016853681439324, "window": 4.686768907909781}, "datetime": {"datetime": "2019-03-20 18:31:02", "elapsed": 9237.838937, "delta": 1076.474782}}
{"target": 0.9804626703262329, "params": {"alphabet_size": 100.74352675148884, "dropout": 0.329345714981162, "embedding_size": 44.28666577135765, "label_smoothing": 0.13995167200418623, "layer_size": 564.3952275598468, "learning_rate": -2.9648600304510793, "learning_rate_final": -3.61119968454451, "window": 5.949627443344159}, "datetime": {"datetime": "2019-03-20 18:53:30", "elapsed": 10586.120217, "delta": 1348.28128}}
{"target": 0.9802387356758118, "params": {"alphabet_size": 67.19702137254959, "dropout": 0.4071792811831023, "embedding_size": 47.86214297054986, "label_smoothing": 0.10297782241166172, "layer_size": 995.6325150672965, "learning_rate": -2.5336123987450176, "learning_rate_final": -3.1931961694242332, "window": 4.981161464511831}, "datetime": {"datetime": "2019-03-20 19:21:32", "elapsed": 12267.778683, "delta": 1681.658466}}
{"target": 0.9809737801551819, "params": {"alphabet_size": 72.91368622404855, "dropout": 0.46147825774190476, "embedding_size": 35.08848817530561, "label_smoothing": 0.03307083942338656, "layer_size": 986.8843931627694, "learning_rate": -3.1305853506362338, "learning_rate_final": -3.498375793727689, "window": 7.04099294872658}, "datetime": {"datetime": "2019-03-20 19:47:12", "elapsed": 13808.303049, "delta": 1540.524366}}
{"target": 0.9808217287063599, "params": {"alphabet_size": 127.57344010252629, "dropout": 0.35953467630756525, "embedding_size": 63.89982258984515, "label_smoothing": 0.07235697706077918, "layer_size": 1022.0532638558507, "learning_rate": -3.536688950565719, "learning_rate_final": -3.564324077260589, "window": 6.7584356641791565}, "datetime": {"datetime": "2019-03-20 20:21:16", "elapsed": 15851.822455, "delta": 2043.519406}}
{"target": 0.9795839786529541, "params": {"alphabet_size": 75.03726802829955, "dropout": 0.3969615951263071, "embedding_size": 63.27558001587113, "label_smoothing": 0.1145372055846667, "layer_size": 515.1401270469096, "learning_rate": -2.7661383095927117, "learning_rate_final": -3.249532314013062, "window": 4.856983312616037}, "datetime": {"datetime": "2019-03-20 20:44:48", "elapsed": 17264.404646, "delta": 1412.582191}}
{"target": 0.9799641966819763, "params": {"alphabet_size": 64.36228835878997, "dropout": 0.4928613235485222, "embedding_size": 58.51938968486387, "label_smoothing": 0.12390780529608375, "layer_size": 1023.4479424749966, "learning_rate": -3.9379360171091338, "learning_rate_final": -3.210730103297556, "window": 5.514090064033964}, "datetime": {"datetime": "2019-03-20 21:14:22", "elapsed": 19038.442032, "delta": 1774.037386}}
{"target": 0.9795544147491455, "params": {"alphabet_size": 127.93628354600077, "dropout": 0.3246225409750696, "embedding_size": 63.17315859331381, "label_smoothing": 0.08407240524890919, "layer_size": 516.0514749492479, "learning_rate": -2.463142855177402, "learning_rate_final": -3.0388042050970983, "window": 5.104890872741817}, "datetime": {"datetime": "2019-03-20 21:36:44", "elapsed": 20380.10483, "delta": 1341.662798}}
{"target": 0.9784730076789856, "params": {"alphabet_size": 127.65857619924259, "dropout": 0.48181646007725676, "embedding_size": 20.36857564801725, "label_smoothing": 0.17333481152159014, "layer_size": 1023.2071510366894, "learning_rate": -3.6735982632608293, "learning_rate_final": -4.217490032434051, "window": 5.578875497030787}, "datetime": {"datetime": "2019-03-20 21:59:40", "elapsed": 21755.96293, "delta": 1375.8581}}
{"target": 0.9805513620376587, "params": {"alphabet_size": 64.08975681301061, "dropout": 0.41880151114829794, "embedding_size": 62.80110903774877, "label_smoothing": 0.1846469181551352, "layer_size": 1019.0516834638584, "learning_rate": -3.8579240995292827, "learning_rate_final": -3.1366820661015713, "window": 7.815853800443525}, "datetime": {"datetime": "2019-03-20 22:37:01", "elapsed": 23996.916064, "delta": 2240.953134}}
{"target": 0.9806991815567017, "params": {"alphabet_size": 122.85185711282938, "dropout": 0.40228238403837047, "embedding_size": 63.23599353699469, "label_smoothing": 0.06357406599551008, "layer_size": 1020.1923619854651, "learning_rate": -3.2343434598432284, "learning_rate_final": -3.0298031280040836, "window": 4.718886401269598}, "datetime": {"datetime": "2019-03-20 23:05:22", "elapsed": 25697.635023, "delta": 1700.718959}}
{"target": 0.9808343648910522, "params": {"alphabet_size": 65.64272748266143, "dropout": 0.34280791951978196, "embedding_size": 62.094974794276204, "label_smoothing": 0.10881959317067197, "layer_size": 1022.0122880186293, "learning_rate": -3.1823654436682967, "learning_rate_final": -3.1993992072076347, "window": 5.073431510176606}, "datetime": {"datetime": "2019-03-20 23:33:48", "elapsed": 27404.20808, "delta": 1706.573057}}
{"target": 0.9794783592224121, "params": {"alphabet_size": 75.56740111472786, "dropout": 0.3794888482972056, "embedding_size": 62.05094323482457, "label_smoothing": 0.012077967738797303, "layer_size": 1021.2595487455659, "learning_rate": -3.958234684737433, "learning_rate_final": -3.352353315353536, "window": 4.562422564799977}, "datetime": {"datetime": "2019-03-21 00:02:41", "elapsed": 29137.193452, "delta": 1732.985372}}
{"target": 0.9795924425125122, "params": {"alphabet_size": 125.42845337417694, "dropout": 0.46805292424033534, "embedding_size": 63.7310370579956, "label_smoothing": 0.017407898520320233, "layer_size": 515.0672028801798, "learning_rate": -3.4460479830412103, "learning_rate_final": -3.135771913016673, "window": 5.491111861538144}, "datetime": {"datetime": "2019-03-21 00:24:09", "elapsed": 30424.830389, "delta": 1287.636937}}
{"target": 0.9802936911582947, "params": {"alphabet_size": 65.89567135760673, "dropout": 0.4561860354992903, "embedding_size": 61.14245770815968, "label_smoothing": 0.05785338290432203, "layer_size": 514.6268548024402, "learning_rate": -3.3367452427945867, "learning_rate_final": -3.8819212478262815, "window": 7.87173888113116}, "datetime": {"datetime": "2019-03-21 00:49:08", "elapsed": 31923.803655, "delta": 1498.973266}}
{"target": 0.9796093106269836, "params": {"alphabet_size": 64.22436963692168, "dropout": 0.4981163242292459, "embedding_size": 63.62923808085857, "label_smoothing": 0.068515187947962, "layer_size": 1022.910155790476, "learning_rate": -3.66658780291945, "learning_rate_final": -4.186831607435462, "window": 4.558233353949719}, "datetime": {"datetime": "2019-03-21 01:17:34", "elapsed": 33630.357247, "delta": 1706.553592}}
{"target": 0.9803232550621033, "params": {"alphabet_size": 125.57633097696916, "dropout": 0.482888583963312, "embedding_size": 63.51657973374283, "label_smoothing": 0.18855835707062654, "layer_size": 1020.1417000004517, "learning_rate": -3.5851156811526446, "learning_rate_final": -3.401028974853948, "window": 4.503548002164547}, "datetime": {"datetime": "2019-03-21 01:45:45", "elapsed": 35320.857742, "delta": 1690.500495}}
{"target": 0.975431501865387, "params": {"alphabet_size": 64.50322499530071, "dropout": 0.42371666344410375, "embedding_size": 63.15195750164223, "label_smoothing": 0.15240815408816258, "layer_size": 512.1390840397667, "learning_rate": -2.0357579790486557, "learning_rate_final": -3.1919885037386777, "window": 4.8220908959986}, "datetime": {"datetime": "2019-03-21 02:06:57", "elapsed": 36592.960615, "delta": 1272.102873}}
{"target": 0.9805724620819092, "params": {"alphabet_size": 127.52318110939316, "dropout": 0.3636512973431927, "embedding_size": 62.41807707373755, "label_smoothing": 0.03519388312766858, "layer_size": 1020.8168490965475, "learning_rate": -3.927323379918337, "learning_rate_final": -3.6025700890389944, "window": 7.594585128099352}, "datetime": {"datetime": "2019-03-21 02:44:16", "elapsed": 38831.782717, "delta": 2238.822102}}
{"target": 0.9774802923202515, "params": {"alphabet_size": 123.17124601973173, "dropout": 0.4637316361094852, "embedding_size": 20.2311586391155, "label_smoothing": 0.1362221964598485, "layer_size": 512.6046080456249, "learning_rate": -3.7887424188207923, "learning_rate_final": -3.022935346426295, "window": 7.630960444767425}, "datetime": {"datetime": "2019-03-21 03:03:36", "elapsed": 39992.265011, "delta": 1160.482294}}
{"target": 0.9807752370834351, "params": {"alphabet_size": 127.11120363151073, "dropout": 0.354259073269257, "embedding_size": 62.36757449170025, "label_smoothing": 0.034918008406023306, "layer_size": 1020.8456549049072, "learning_rate": -3.7265112706104127, "learning_rate_final": -3.1554915256294955, "window": 6.6473131138940955}, "datetime": {"datetime": "2019-03-21 03:37:59", "elapsed": 42055.116905, "delta": 2062.851894}}
{"target": 0.9804710745811462, "params": {"alphabet_size": 73.35933868625678, "dropout": 0.3443135433887473, "embedding_size": 62.61985391265577, "label_smoothing": 0.01977026273425424, "layer_size": 1023.8976335557317, "learning_rate": -3.8960977592386126, "learning_rate_final": -3.0737623203813946, "window": 6.920374569789518}, "datetime": {"datetime": "2019-03-21 04:12:01", "elapsed": 44096.74683, "delta": 2041.629925}}
{"target": 0.9798628091812134, "params": {"alphabet_size": 126.4116860756401, "dropout": 0.3014732568567388, "embedding_size": 63.46012722098045, "label_smoothing": 0.16896994429610854, "layer_size": 517.15122036893, "learning_rate": -3.963235828565305, "learning_rate_final": -3.017614673394484, "window": 7.4993000650934025}, "datetime": {"datetime": "2019-03-21 04:36:16", "elapsed": 45551.711074, "delta": 1454.964244}}
{"target": 0.9804753065109253, "params": {"alphabet_size": 65.44821724347109, "dropout": 0.4011875367756121, "embedding_size": 60.75956034434126, "label_smoothing": 0.00728363756316337, "layer_size": 1021.6570074979563, "learning_rate": -3.6645134059747644, "learning_rate_final": -3.157408185055665, "window": 7.31807989380477}, "datetime": {"datetime": "2019-03-21 05:09:30", "elapsed": 47545.992704, "delta": 1994.28163}}
{"target": 0.9790728688240051, "params": {"alphabet_size": 127.92069110809709, "dropout": 0.41415242261141394, "embedding_size": 63.552796191395586, "label_smoothing": 0.1942160835599427, "layer_size": 1019.7360722728322, "learning_rate": -3.902867410350984, "learning_rate_final": -4.995067016384968, "window": 7.99058279456087}, "datetime": {"datetime": "2019-03-21 05:45:19", "elapsed": 49694.559956, "delta": 2148.567252}}
{"target": 0.9802049398422241, "params": {"alphabet_size": 71.00589813682191, "dropout": 0.3366194288500235, "embedding_size": 61.39189600051866, "label_smoothing": 0.1364705196061705, "layer_size": 1021.5787303790944, "learning_rate": -3.9859033241482726, "learning_rate_final": -3.0741310593160165, "window": 6.298132707678571}, "datetime": {"datetime": "2019-03-21 06:15:55", "elapsed": 51531.335756, "delta": 1836.7758}}
{"target": 0.9799810647964478, "params": {"alphabet_size": 67.12024354323884, "dropout": 0.3894859280002749, "embedding_size": 62.89498684453303, "label_smoothing": 0.01493255641656508, "layer_size": 1018.1943505833245, "learning_rate": -3.834810551404366, "learning_rate_final": -3.1711541755814943, "window": 4.776133995053868}, "datetime": {"datetime": "2019-03-21 06:44:13", "elapsed": 53229.376918, "delta": 1698.041162}}
{"target": 0.980302095413208, "params": {"alphabet_size": 122.05337423191834, "dropout": 0.4131571907317758, "embedding_size": 63.16278074612406, "label_smoothing": 0.07288867969698679, "layer_size": 1022.6980840431015, "learning_rate": -3.970921092339747, "learning_rate_final": -3.3874033739940517, "window": 6.067632148148152}, "datetime": {"datetime": "2019-03-21 07:15:50", "elapsed": 55126.223117, "delta": 1896.846199}}
{"target": 0.9799726009368896, "params": {"alphabet_size": 126.882036434583, "dropout": 0.3534490727504292, "embedding_size": 63.90242278480824, "label_smoothing": 0.07768243207001482, "layer_size": 1018.9708521016273, "learning_rate": -3.9667685802410846, "learning_rate_final": -3.5229168545351763, "window": 4.9378007927620295}, "datetime": {"datetime": "2019-03-21 07:44:03", "elapsed": 56818.999979, "delta": 1692.776862}}
{"target": 0.9807203412055969, "params": {"alphabet_size": 64.09149135618199, "dropout": 0.3638031724404637, "embedding_size": 61.30586337655407, "label_smoothing": 0.19120043411865273, "layer_size": 1022.6847496166513, "learning_rate": -3.5989904268294666, "learning_rate_final": -3.270166882301062, "window": 4.673735807828994}, "datetime": {"datetime": "2019-03-21 08:11:22", "elapsed": 58458.364671, "delta": 1639.364692}}
{"target": 0.9811976552009583, "params": {"alphabet_size": 64.3371421286572, "dropout": 0.41297277401335897, "embedding_size": 91.78313225741637, "label_smoothing": 0.09416473868448545, "layer_size": 1499.9098145201851, "learning_rate": -3.284029107609877, "learning_rate_final": -3.7359667823828993, "window": 6.654202131920794}, "datetime": {"datetime": "2019-03-21 09:49:12", "elapsed": 0.0, "delta": 0.0}}
{"target": 0.9810413718223572, "params": {"alphabet_size": 127.5936573333781, "dropout": 0.32138511178069784, "embedding_size": 93.34763581301013, "label_smoothing": 0.18252114478982007, "layer_size": 1304.373498802263, "learning_rate": -3.9099496468662136, "learning_rate_final": -3.0144493857493493, "window": 6.192547986412041}, "datetime": {"datetime": "2019-03-21 10:33:39", "elapsed": 2667.217383, "delta": 2667.217383}}
{"target": 0.9788193702697754, "params": {"alphabet_size": 67.60340885026623, "dropout": 0.38547439361878716, "embedding_size": 17.574342026101412, "label_smoothing": 0.01432297885152658, "layer_size": 1479.107607257541, "learning_rate": -3.846137333847871, "learning_rate_final": -3.085963929795886, "window": 6.54964407193733}, "datetime": {"datetime": "2019-03-21 11:02:30", "elapsed": 4398.091223, "delta": 1730.87384}}
